Arguments: 
  /Users/jbadaczewski/.nodenv/versions/10.16.0/bin/node /Users/jbadaczewski/.nodenv/versions/10.16.0/bin/yarn add --dev webpackl

PATH: 
  /Users/jbadaczewski/.nodenv/versions/10.16.0/bin:/usr/local/Cellar/nodenv/1.3.0/libexec:/Users/jbadaczewski/.sdkman/candidates/java/current/bin:/Users/jbadaczewski/.nodenv/shims:/usr/local/bin:/usr/bin:/bin:/usr/sbin:/sbin

Yarn version: 
  1.17.3

Node version: 
  10.16.0

Platform: 
  darwin x64

Trace: 
  Error: https://registry.yarnpkg.com/webpackl: Not found
      at Request.params.callback [as _callback] (/Users/jbadaczewski/.nodenv/versions/10.16.0/lib/node_modules/yarn/lib/cli.js:66830:18)
      at Request.self.callback (/Users/jbadaczewski/.nodenv/versions/10.16.0/lib/node_modules/yarn/lib/cli.js:140464:22)
      at Request.emit (events.js:198:13)
      at Request.<anonymous> (/Users/jbadaczewski/.nodenv/versions/10.16.0/lib/node_modules/yarn/lib/cli.js:141436:10)
      at Request.emit (events.js:198:13)
      at IncomingMessage.<anonymous> (/Users/jbadaczewski/.nodenv/versions/10.16.0/lib/node_modules/yarn/lib/cli.js:141358:12)
      at Object.onceWrapper (events.js:286:20)
      at IncomingMessage.emit (events.js:203:15)
      at endReadableNT (_stream_readable.js:1129:12)
      at process._tickCallback (internal/process/next_tick.js:63:19)

npm manifest: 
  {
    "name": "@xura/feed",
    "version": "0.0.1",
    "description": "Main news feed",
    "main": "index.js",
    "scripts": {
      "test": "echo \"Error: no test specified\" && exit 1"
    },
    "repository": {
      "type": "git",
      "url": "git+https://github.com/xura/feed.git"
    },
    "author": "Joe Badaczewski",
    "license": "ISC",
    "bugs": {
      "url": "https://github.com/xura/feed/issues"
    },
    "homepage": "https://github.com/xura/feed#readme",
    "dependencies": {
      "@teamthread/elm-web-components": "^1.0.0"
    }
  }

yarn manifest: 
  No manifest

Lockfile: 
  # THIS IS AN AUTOGENERATED FILE. DO NOT EDIT THIS FILE DIRECTLY.
  # yarn lockfile v1
  
  
  "@teamthread/elm-web-components@^1.0.0":
    version "1.0.0"
    resolved "https://registry.yarnpkg.com/@teamthread/elm-web-components/-/elm-web-components-1.0.0.tgz#7e15d877c8af1a08fbedde46185f480df39b447f"
    integrity sha512-SmDG1CBg/0YRQVejl+wre0xm5MdbCcCIrcf8BODFJCDH5F/v5Od0P0Pk4+6E1Vw9jNpCQL8ctBqQr72rUQJvsQ==
